  [1m[36m (15.3ms)[0m  [1mCREATE TABLE "schema_migrations" ("version" character varying NOT NULL) [0m
  [1m[35m (1.5ms)[0m  CREATE UNIQUE INDEX  "unique_schema_migrations" ON "schema_migrations"  ("version")
  [1m[36mActiveRecord::SchemaMigration Load (1.4ms)[0m  [1mSELECT "schema_migrations".* FROM "schema_migrations"[0m
  [1m[36mActiveRecord::SchemaMigration Load (1.0ms)[0m  [1mSELECT "schema_migrations".* FROM "schema_migrations"[0m
Migrating to CreateTournaments (20150921145007)
  [1m[35m (0.2ms)[0m  BEGIN
  [1m[36m (28.4ms)[0m  [1mCREATE TABLE "tournaments" ("id" serial primary key, "name" character varying, "created_at" timestamp NOT NULL, "updated_at" timestamp NOT NULL) [0m
  [1m[35mSQL (0.4ms)[0m  INSERT INTO "schema_migrations" ("version") VALUES ($1)  [["version", "20150921145007"]]
  [1m[36m (1.6ms)[0m  [1mCOMMIT[0m
Migrating to CreatePlayers (20150921145023)
  [1m[35m (0.3ms)[0m  BEGIN
  [1m[36m (3.3ms)[0m  [1mCREATE TABLE "players" ("id" serial primary key, "name" character varying, "created_at" timestamp NOT NULL, "updated_at" timestamp NOT NULL) [0m
  [1m[35mSQL (0.5ms)[0m  INSERT INTO "schema_migrations" ("version") VALUES ($1)  [["version", "20150921145023"]]
  [1m[36m (0.4ms)[0m  [1mCOMMIT[0m
Migrating to CreateRegistrations (20150921145117)
  [1m[35m (0.3ms)[0m  BEGIN
  [1m[36m (2.4ms)[0m  [1mCREATE TABLE "registrations" ("id" serial primary key, "tournament_id" integer, "player_id" integer, "created_at" timestamp NOT NULL, "updated_at" timestamp NOT NULL) [0m
  [1m[35mSQL (0.1ms)[0m  INSERT INTO "schema_migrations" ("version") VALUES ($1)  [["version", "20150921145117"]]
  [1m[36m (0.3ms)[0m  [1mCOMMIT[0m
  [1m[35mActiveRecord::SchemaMigration Load (1.0ms)[0m  SELECT "schema_migrations".* FROM "schema_migrations"
  [1m[36m (2.3ms)[0m  [1mSELECT t2.oid::regclass::text AS to_table, a1.attname AS column, a2.attname AS primary_key, c.conname AS name, c.confupdtype AS on_update, c.confdeltype AS on_delete
FROM pg_constraint c
JOIN pg_class t1 ON c.conrelid = t1.oid
JOIN pg_class t2 ON c.confrelid = t2.oid
JOIN pg_attribute a1 ON a1.attnum = c.conkey[1] AND a1.attrelid = t1.oid
JOIN pg_attribute a2 ON a2.attnum = c.confkey[1] AND a2.attrelid = t2.oid
JOIN pg_namespace t3 ON c.connamespace = t3.oid
WHERE c.contype = 'f'
  AND t1.relname = 'players'
  AND t3.nspname = ANY (current_schemas(false))
ORDER BY c.conname
[0m
  [1m[35m (1.8ms)[0m  SELECT t2.oid::regclass::text AS to_table, a1.attname AS column, a2.attname AS primary_key, c.conname AS name, c.confupdtype AS on_update, c.confdeltype AS on_delete
FROM pg_constraint c
JOIN pg_class t1 ON c.conrelid = t1.oid
JOIN pg_class t2 ON c.confrelid = t2.oid
JOIN pg_attribute a1 ON a1.attnum = c.conkey[1] AND a1.attrelid = t1.oid
JOIN pg_attribute a2 ON a2.attnum = c.confkey[1] AND a2.attrelid = t2.oid
JOIN pg_namespace t3 ON c.connamespace = t3.oid
WHERE c.contype = 'f'
  AND t1.relname = 'registrations'
  AND t3.nspname = ANY (current_schemas(false))
ORDER BY c.conname

  [1m[36m (1.9ms)[0m  [1mSELECT t2.oid::regclass::text AS to_table, a1.attname AS column, a2.attname AS primary_key, c.conname AS name, c.confupdtype AS on_update, c.confdeltype AS on_delete
FROM pg_constraint c
JOIN pg_class t1 ON c.conrelid = t1.oid
JOIN pg_class t2 ON c.confrelid = t2.oid
JOIN pg_attribute a1 ON a1.attnum = c.conkey[1] AND a1.attrelid = t1.oid
JOIN pg_attribute a2 ON a2.attnum = c.confkey[1] AND a2.attrelid = t2.oid
JOIN pg_namespace t3 ON c.connamespace = t3.oid
WHERE c.contype = 'f'
  AND t1.relname = 'tournaments'
  AND t3.nspname = ANY (current_schemas(false))
ORDER BY c.conname
[0m
  [1m[36mActiveRecord::SchemaMigration Load (3.0ms)[0m  [1mSELECT "schema_migrations".* FROM "schema_migrations"[0m
  [1m[35m (0.1ms)[0m  BEGIN
  [1m[36mSQL (11.1ms)[0m  [1mINSERT INTO "players" ("name", "created_at", "updated_at") VALUES ($1, $2, $3) RETURNING "id"[0m  [["name", "user1"], ["created_at", "2015-09-21 15:12:37.404596"], ["updated_at", "2015-09-21 15:12:37.404596"]]
  [1m[35m (25.6ms)[0m  COMMIT
  [1m[36m (0.1ms)[0m  [1mBEGIN[0m
  [1m[35mSQL (0.3ms)[0m  INSERT INTO "players" ("name", "created_at", "updated_at") VALUES ($1, $2, $3) RETURNING "id"  [["name", "user2"], ["created_at", "2015-09-21 15:12:37.450925"], ["updated_at", "2015-09-21 15:12:37.450925"]]
  [1m[36m (0.5ms)[0m  [1mCOMMIT[0m
  [1m[35m (0.1ms)[0m  BEGIN
  [1m[36mSQL (0.2ms)[0m  [1mINSERT INTO "players" ("name", "created_at", "updated_at") VALUES ($1, $2, $3) RETURNING "id"[0m  [["name", "user3"], ["created_at", "2015-09-21 15:12:37.464129"], ["updated_at", "2015-09-21 15:12:37.464129"]]
  [1m[35m (0.4ms)[0m  COMMIT
  [1m[36m (0.1ms)[0m  [1mBEGIN[0m
  [1m[35mSQL (0.2ms)[0m  INSERT INTO "players" ("name", "created_at", "updated_at") VALUES ($1, $2, $3) RETURNING "id"  [["name", "Tournament 1"], ["created_at", "2015-09-21 15:12:37.466088"], ["updated_at", "2015-09-21 15:12:37.466088"]]
  [1m[36m (0.4ms)[0m  [1mCOMMIT[0m
  [1m[35m (0.1ms)[0m  BEGIN
  [1m[36mSQL (0.2ms)[0m  [1mINSERT INTO "players" ("name", "created_at", "updated_at") VALUES ($1, $2, $3) RETURNING "id"[0m  [["name", "Tournament 2"], ["created_at", "2015-09-21 15:12:37.467835"], ["updated_at", "2015-09-21 15:12:37.467835"]]
  [1m[35m (0.3ms)[0m  COMMIT
  [1m[36m (0.1ms)[0m  [1mBEGIN[0m
  [1m[35mSQL (0.2ms)[0m  INSERT INTO "players" ("name", "created_at", "updated_at") VALUES ($1, $2, $3) RETURNING "id"  [["name", "Tournament 3"], ["created_at", "2015-09-21 15:12:37.469519"], ["updated_at", "2015-09-21 15:12:37.469519"]]
  [1m[36m (0.4ms)[0m  [1mCOMMIT[0m
  [1m[36mActiveRecord::SchemaMigration Load (1.7ms)[0m  [1mSELECT "schema_migrations".* FROM "schema_migrations"[0m
  [1m[35m (0.1ms)[0m  BEGIN
  [1m[36mSQL (1.1ms)[0m  [1mINSERT INTO "players" ("name", "created_at", "updated_at") VALUES ($1, $2, $3) RETURNING "id"[0m  [["name", "user1"], ["created_at", "2015-09-21 15:13:44.568020"], ["updated_at", "2015-09-21 15:13:44.568020"]]
  [1m[35m (9.3ms)[0m  COMMIT
  [1m[36m (0.1ms)[0m  [1mBEGIN[0m
  [1m[35mSQL (0.3ms)[0m  INSERT INTO "players" ("name", "created_at", "updated_at") VALUES ($1, $2, $3) RETURNING "id"  [["name", "user2"], ["created_at", "2015-09-21 15:13:44.583822"], ["updated_at", "2015-09-21 15:13:44.583822"]]
  [1m[36m (0.5ms)[0m  [1mCOMMIT[0m
  [1m[35m (0.1ms)[0m  BEGIN
  [1m[36mSQL (0.2ms)[0m  [1mINSERT INTO "players" ("name", "created_at", "updated_at") VALUES ($1, $2, $3) RETURNING "id"[0m  [["name", "user3"], ["created_at", "2015-09-21 15:13:44.586852"], ["updated_at", "2015-09-21 15:13:44.586852"]]
  [1m[35m (0.3ms)[0m  COMMIT
  [1m[36m (0.1ms)[0m  [1mBEGIN[0m
  [1m[35mSQL (0.3ms)[0m  INSERT INTO "players" ("name", "created_at", "updated_at") VALUES ($1, $2, $3) RETURNING "id"  [["name", "Tournament 1"], ["created_at", "2015-09-21 15:13:44.589167"], ["updated_at", "2015-09-21 15:13:44.589167"]]
  [1m[36m (0.4ms)[0m  [1mCOMMIT[0m
  [1m[35m (0.1ms)[0m  BEGIN
  [1m[36mSQL (0.2ms)[0m  [1mINSERT INTO "players" ("name", "created_at", "updated_at") VALUES ($1, $2, $3) RETURNING "id"[0m  [["name", "Tournament 2"], ["created_at", "2015-09-21 15:13:44.601776"], ["updated_at", "2015-09-21 15:13:44.601776"]]
  [1m[35m (0.4ms)[0m  COMMIT
  [1m[36m (0.1ms)[0m  [1mBEGIN[0m
  [1m[35mSQL (0.2ms)[0m  INSERT INTO "players" ("name", "created_at", "updated_at") VALUES ($1, $2, $3) RETURNING "id"  [["name", "Tournament 3"], ["created_at", "2015-09-21 15:13:44.603534"], ["updated_at", "2015-09-21 15:13:44.603534"]]
  [1m[36m (0.4ms)[0m  [1mCOMMIT[0m
  [1m[35m (0.1ms)[0m  BEGIN
  [1m[36mSQL (9.0ms)[0m  [1mINSERT INTO "registrations" ("player_id", "tournament_id", "created_at", "updated_at") VALUES ($1, $2, $3, $4) RETURNING "id"[0m  [["player_id", 7], ["tournament_id", 10], ["created_at", "2015-09-21 15:13:44.613018"], ["updated_at", "2015-09-21 15:13:44.613018"]]
  [1m[35m (0.4ms)[0m  COMMIT
  [1m[36m (0.1ms)[0m  [1mBEGIN[0m
  [1m[35mSQL (0.3ms)[0m  INSERT INTO "registrations" ("player_id", "tournament_id", "created_at", "updated_at") VALUES ($1, $2, $3, $4) RETURNING "id"  [["player_id", 8], ["tournament_id", 11], ["created_at", "2015-09-21 15:13:44.624794"], ["updated_at", "2015-09-21 15:13:44.624794"]]
  [1m[36m (0.4ms)[0m  [1mCOMMIT[0m
  [1m[35m (0.1ms)[0m  BEGIN
  [1m[36mSQL (0.2ms)[0m  [1mINSERT INTO "registrations" ("player_id", "tournament_id", "created_at", "updated_at") VALUES ($1, $2, $3, $4) RETURNING "id"[0m  [["player_id", 9], ["tournament_id", 12], ["created_at", "2015-09-21 15:13:44.627315"], ["updated_at", "2015-09-21 15:13:44.627315"]]
  [1m[35m (0.4ms)[0m  COMMIT


Started GET "/" for ::1 at 2015-09-21 17:14:38 +0200
  [1m[36mActiveRecord::SchemaMigration Load (1.7ms)[0m  [1mSELECT "schema_migrations".* FROM "schema_migrations"[0m
Processing by TournamentsController#index as HTML
  Rendered tournaments/index.html.erb within layouts/application (15.4ms)
Completed 200 OK in 960ms (Views: 959.4ms | ActiveRecord: 0.0ms)


Started GET "/assets/jquery_readyselector.self-e8333e4cf02799551960a3d4743eee34a3486889bfb9339716ea7deafb7b5224.js?body=1" for ::1 at 2015-09-21 17:14:40 +0200


Started GET "/assets/bootstrap.self-2bbd2c0465f01b1f8270958ddfc2e62a08915f295a35d22df2971eb936cf3c64.js?body=1" for ::1 at 2015-09-21 17:14:40 +0200


Started GET "/assets/application.self-d885a0a66bd595c10edb24f8879f94e334d88be0730c4d7c7a7b57c731c09037.css?body=1" for ::1 at 2015-09-21 17:14:40 +0200


Started GET "/assets/tournaments.self-1412f1f58ddefd873f32b543f4087127c519906541f7919684c8935592a8ca0d.css?body=1" for ::1 at 2015-09-21 17:14:40 +0200


Started GET "/assets/build-error-html.self-5fe653b6c12fee9832fa0fde9c3a201b39d4d2e094ffa0494e4545c21260ac84.js?body=1" for ::1 at 2015-09-21 17:14:40 +0200


Started GET "/assets/tournaments.self-d8ac4eba90c65f43025ec5fba60840863af26310beecab62c6e2983dc07953f9.js?body=1" for ::1 at 2015-09-21 17:14:40 +0200


Started GET "/assets/build-tourney-html.self-ad498f66a5be7bd61752052559cec3db8f612030f0769e16a0b2e8da7a5752fd.js?body=1" for ::1 at 2015-09-21 17:14:40 +0200


Started GET "/assets/build-tourney-list-html.self-b543f1c45e64cf6131722a6793a5c941c6738105abbc7cd54724623b02630080.js?body=1" for ::1 at 2015-09-21 17:14:40 +0200


Started GET "/assets/tournament-new.self-2c228e2bdf8deb82248a753ebacc70a5d3d96d93e3c6ce75639cf3e4387f9bfd.js?body=1" for ::1 at 2015-09-21 17:14:40 +0200


Started GET "/assets/tournaments-index.self-ae549ecf426b408499148430bdede6fc35266bac623ed81d5d000e12363a181a.js?body=1" for ::1 at 2015-09-21 17:14:40 +0200


Started GET "/assets/bootstrap.self-f483ac3b88e1e3370077b698c09eeccfa05db3d0e26a303a9067085517dd829c.css?body=1" for ::1 at 2015-09-21 17:14:40 +0200


Started GET "/assets/application.self-f8806224e027f3e3f0138ea9ce99319e298dfdb323304d1f1be6eae8e8c74724.js?body=1" for ::1 at 2015-09-21 17:14:40 +0200


Started GET "/api/tournaments.json" for ::1 at 2015-09-21 17:14:40 +0200

ActionController::RoutingError (No route matches [GET] "/api/tournaments.json"):
  actionpack (4.2.1) lib/action_dispatch/middleware/debug_exceptions.rb:21:in `call'
  web-console (2.1.2) lib/web_console/middleware.rb:37:in `call'
  actionpack (4.2.1) lib/action_dispatch/middleware/show_exceptions.rb:30:in `call'
  railties (4.2.1) lib/rails/rack/logger.rb:38:in `call_app'
  railties (4.2.1) lib/rails/rack/logger.rb:20:in `block in call'
  activesupport (4.2.1) lib/active_support/tagged_logging.rb:68:in `block in tagged'
  activesupport (4.2.1) lib/active_support/tagged_logging.rb:26:in `tagged'
  activesupport (4.2.1) lib/active_support/tagged_logging.rb:68:in `tagged'
  railties (4.2.1) lib/rails/rack/logger.rb:20:in `call'
  actionpack (4.2.1) lib/action_dispatch/middleware/request_id.rb:21:in `call'
  rack (1.6.1) lib/rack/methodoverride.rb:22:in `call'
  rack (1.6.1) lib/rack/runtime.rb:18:in `call'
  activesupport (4.2.1) lib/active_support/cache/strategy/local_cache_middleware.rb:28:in `call'
  rack (1.6.1) lib/rack/lock.rb:17:in `call'
  actionpack (4.2.1) lib/action_dispatch/middleware/static.rb:113:in `call'
  rack (1.6.1) lib/rack/sendfile.rb:113:in `call'
  railties (4.2.1) lib/rails/engine.rb:518:in `call'
  railties (4.2.1) lib/rails/application.rb:164:in `call'
  rack (1.6.1) lib/rack/lock.rb:17:in `call'
  rack (1.6.1) lib/rack/content_length.rb:15:in `call'
  rack (1.6.1) lib/rack/handler/webrick.rb:89:in `service'
  /Users/vsl/.rvm/rubies/ruby-2.1.5/lib/ruby/2.1.0/webrick/httpserver.rb:138:in `service'
  /Users/vsl/.rvm/rubies/ruby-2.1.5/lib/ruby/2.1.0/webrick/httpserver.rb:94:in `run'
  /Users/vsl/.rvm/rubies/ruby-2.1.5/lib/ruby/2.1.0/webrick/server.rb:295:in `block in start_thread'


  Rendered /Users/vsl/.rvm/gems/ruby-2.1.5/gems/actionpack-4.2.1/lib/action_dispatch/middleware/templates/rescues/_trace.text.erb (0.7ms)
  Rendered /Users/vsl/.rvm/gems/ruby-2.1.5/gems/actionpack-4.2.1/lib/action_dispatch/middleware/templates/rescues/routing_error.text.erb (17.0ms)
  Rendered /Users/vsl/.rvm/gems/ruby-2.1.5/gems/web-console-2.1.2/lib/web_console/templates/_markup.html.erb (0.4ms)
  Rendered /Users/vsl/.rvm/gems/ruby-2.1.5/gems/web-console-2.1.2/lib/web_console/templates/style.css.erb within layouts/inlined_string (0.6ms)
  Rendered /Users/vsl/.rvm/gems/ruby-2.1.5/gems/web-console-2.1.2/lib/web_console/templates/_inner_console_markup.html.erb within layouts/inlined_string (0.5ms)
  Rendered /Users/vsl/.rvm/gems/ruby-2.1.5/gems/web-console-2.1.2/lib/web_console/templates/_prompt_box_markup.html.erb within layouts/inlined_string (0.3ms)
  Rendered /Users/vsl/.rvm/gems/ruby-2.1.5/gems/web-console-2.1.2/lib/web_console/templates/console.js.erb within layouts/javascript (21.3ms)
  Rendered /Users/vsl/.rvm/gems/ruby-2.1.5/gems/web-console-2.1.2/lib/web_console/templates/main.js.erb within layouts/javascript (0.4ms)
  Rendered /Users/vsl/.rvm/gems/ruby-2.1.5/gems/web-console-2.1.2/lib/web_console/templates/error_page.js.erb within layouts/javascript (0.6ms)
  Rendered /Users/vsl/.rvm/gems/ruby-2.1.5/gems/web-console-2.1.2/lib/web_console/templates/index.html.erb (58.6ms)


Started GET "/api/tournaments.json" for ::1 at 2015-09-21 17:14:58 +0200

ActionController::RoutingError (No route matches [GET] "/api/tournaments.json"):
  actionpack (4.2.1) lib/action_dispatch/middleware/debug_exceptions.rb:21:in `call'
  web-console (2.1.2) lib/web_console/middleware.rb:37:in `call'
  actionpack (4.2.1) lib/action_dispatch/middleware/show_exceptions.rb:30:in `call'
  railties (4.2.1) lib/rails/rack/logger.rb:38:in `call_app'
  railties (4.2.1) lib/rails/rack/logger.rb:20:in `block in call'
  activesupport (4.2.1) lib/active_support/tagged_logging.rb:68:in `block in tagged'
  activesupport (4.2.1) lib/active_support/tagged_logging.rb:26:in `tagged'
  activesupport (4.2.1) lib/active_support/tagged_logging.rb:68:in `tagged'
  railties (4.2.1) lib/rails/rack/logger.rb:20:in `call'
  actionpack (4.2.1) lib/action_dispatch/middleware/request_id.rb:21:in `call'
  rack (1.6.1) lib/rack/methodoverride.rb:22:in `call'
  rack (1.6.1) lib/rack/runtime.rb:18:in `call'
  activesupport (4.2.1) lib/active_support/cache/strategy/local_cache_middleware.rb:28:in `call'
  rack (1.6.1) lib/rack/lock.rb:17:in `call'
  actionpack (4.2.1) lib/action_dispatch/middleware/static.rb:113:in `call'
  rack (1.6.1) lib/rack/sendfile.rb:113:in `call'
  railties (4.2.1) lib/rails/engine.rb:518:in `call'
  railties (4.2.1) lib/rails/application.rb:164:in `call'
  rack (1.6.1) lib/rack/lock.rb:17:in `call'
  rack (1.6.1) lib/rack/content_length.rb:15:in `call'
  rack (1.6.1) lib/rack/handler/webrick.rb:89:in `service'
  /Users/vsl/.rvm/rubies/ruby-2.1.5/lib/ruby/2.1.0/webrick/httpserver.rb:138:in `service'
  /Users/vsl/.rvm/rubies/ruby-2.1.5/lib/ruby/2.1.0/webrick/httpserver.rb:94:in `run'
  /Users/vsl/.rvm/rubies/ruby-2.1.5/lib/ruby/2.1.0/webrick/server.rb:295:in `block in start_thread'


  Rendered /Users/vsl/.rvm/gems/ruby-2.1.5/gems/actionpack-4.2.1/lib/action_dispatch/middleware/templates/rescues/_trace.html.erb (1.6ms)
  Rendered /Users/vsl/.rvm/gems/ruby-2.1.5/gems/actionpack-4.2.1/lib/action_dispatch/middleware/templates/routes/_route.html.erb (1.2ms)
  Rendered /Users/vsl/.rvm/gems/ruby-2.1.5/gems/actionpack-4.2.1/lib/action_dispatch/middleware/templates/routes/_table.html.erb (36.8ms)
  Rendered /Users/vsl/.rvm/gems/ruby-2.1.5/gems/actionpack-4.2.1/lib/action_dispatch/middleware/templates/rescues/_request_and_response.html.erb (1.7ms)
  Rendered /Users/vsl/.rvm/gems/ruby-2.1.5/gems/actionpack-4.2.1/lib/action_dispatch/middleware/templates/rescues/routing_error.html.erb within rescues/layout (74.3ms)
  Rendered /Users/vsl/.rvm/gems/ruby-2.1.5/gems/web-console-2.1.2/lib/web_console/templates/_markup.html.erb (0.3ms)
  Rendered /Users/vsl/.rvm/gems/ruby-2.1.5/gems/web-console-2.1.2/lib/web_console/templates/style.css.erb within layouts/inlined_string (0.2ms)
  Rendered /Users/vsl/.rvm/gems/ruby-2.1.5/gems/web-console-2.1.2/lib/web_console/templates/_inner_console_markup.html.erb within layouts/inlined_string (0.2ms)
  Rendered /Users/vsl/.rvm/gems/ruby-2.1.5/gems/web-console-2.1.2/lib/web_console/templates/_prompt_box_markup.html.erb within layouts/inlined_string (0.3ms)
  Rendered /Users/vsl/.rvm/gems/ruby-2.1.5/gems/web-console-2.1.2/lib/web_console/templates/console.js.erb within layouts/javascript (12.5ms)
  Rendered /Users/vsl/.rvm/gems/ruby-2.1.5/gems/web-console-2.1.2/lib/web_console/templates/main.js.erb within layouts/javascript (0.5ms)
  Rendered /Users/vsl/.rvm/gems/ruby-2.1.5/gems/web-console-2.1.2/lib/web_console/templates/error_page.js.erb within layouts/javascript (0.4ms)
  Rendered /Users/vsl/.rvm/gems/ruby-2.1.5/gems/web-console-2.1.2/lib/web_console/templates/index.html.erb (28.3ms)


Started GET "/api/tournaments.json" for ::1 at 2015-09-21 17:18:33 +0200

ActionController::RoutingError (No route matches [GET] "/api/tournaments.json"):
  actionpack (4.2.1) lib/action_dispatch/middleware/debug_exceptions.rb:21:in `call'
  web-console (2.1.2) lib/web_console/middleware.rb:37:in `call'
  actionpack (4.2.1) lib/action_dispatch/middleware/show_exceptions.rb:30:in `call'
  railties (4.2.1) lib/rails/rack/logger.rb:38:in `call_app'
  railties (4.2.1) lib/rails/rack/logger.rb:20:in `block in call'
  activesupport (4.2.1) lib/active_support/tagged_logging.rb:68:in `block in tagged'
  activesupport (4.2.1) lib/active_support/tagged_logging.rb:26:in `tagged'
  activesupport (4.2.1) lib/active_support/tagged_logging.rb:68:in `tagged'
  railties (4.2.1) lib/rails/rack/logger.rb:20:in `call'
  actionpack (4.2.1) lib/action_dispatch/middleware/request_id.rb:21:in `call'
  rack (1.6.1) lib/rack/methodoverride.rb:22:in `call'
  rack (1.6.1) lib/rack/runtime.rb:18:in `call'
  activesupport (4.2.1) lib/active_support/cache/strategy/local_cache_middleware.rb:28:in `call'
  rack (1.6.1) lib/rack/lock.rb:17:in `call'
  actionpack (4.2.1) lib/action_dispatch/middleware/static.rb:113:in `call'
  rack (1.6.1) lib/rack/sendfile.rb:113:in `call'
  railties (4.2.1) lib/rails/engine.rb:518:in `call'
  railties (4.2.1) lib/rails/application.rb:164:in `call'
  rack (1.6.1) lib/rack/lock.rb:17:in `call'
  rack (1.6.1) lib/rack/content_length.rb:15:in `call'
  rack (1.6.1) lib/rack/handler/webrick.rb:89:in `service'
  /Users/vsl/.rvm/rubies/ruby-2.1.5/lib/ruby/2.1.0/webrick/httpserver.rb:138:in `service'
  /Users/vsl/.rvm/rubies/ruby-2.1.5/lib/ruby/2.1.0/webrick/httpserver.rb:94:in `run'
  /Users/vsl/.rvm/rubies/ruby-2.1.5/lib/ruby/2.1.0/webrick/server.rb:295:in `block in start_thread'


  Rendered /Users/vsl/.rvm/gems/ruby-2.1.5/gems/actionpack-4.2.1/lib/action_dispatch/middleware/templates/rescues/_trace.html.erb (1.1ms)
  Rendered /Users/vsl/.rvm/gems/ruby-2.1.5/gems/actionpack-4.2.1/lib/action_dispatch/middleware/templates/routes/_route.html.erb (0.6ms)
  Rendered /Users/vsl/.rvm/gems/ruby-2.1.5/gems/actionpack-4.2.1/lib/action_dispatch/middleware/templates/routes/_table.html.erb (1.1ms)
  Rendered /Users/vsl/.rvm/gems/ruby-2.1.5/gems/actionpack-4.2.1/lib/action_dispatch/middleware/templates/rescues/_request_and_response.html.erb (1.1ms)
  Rendered /Users/vsl/.rvm/gems/ruby-2.1.5/gems/actionpack-4.2.1/lib/action_dispatch/middleware/templates/rescues/routing_error.html.erb within rescues/layout (17.3ms)
  Rendered /Users/vsl/.rvm/gems/ruby-2.1.5/gems/web-console-2.1.2/lib/web_console/templates/_markup.html.erb (0.2ms)
  Rendered /Users/vsl/.rvm/gems/ruby-2.1.5/gems/web-console-2.1.2/lib/web_console/templates/style.css.erb within layouts/inlined_string (0.2ms)
  Rendered /Users/vsl/.rvm/gems/ruby-2.1.5/gems/web-console-2.1.2/lib/web_console/templates/_inner_console_markup.html.erb within layouts/inlined_string (0.3ms)
  Rendered /Users/vsl/.rvm/gems/ruby-2.1.5/gems/web-console-2.1.2/lib/web_console/templates/_prompt_box_markup.html.erb within layouts/inlined_string (0.4ms)
  Rendered /Users/vsl/.rvm/gems/ruby-2.1.5/gems/web-console-2.1.2/lib/web_console/templates/console.js.erb within layouts/javascript (15.0ms)
  Rendered /Users/vsl/.rvm/gems/ruby-2.1.5/gems/web-console-2.1.2/lib/web_console/templates/main.js.erb within layouts/javascript (0.2ms)
  Rendered /Users/vsl/.rvm/gems/ruby-2.1.5/gems/web-console-2.1.2/lib/web_console/templates/error_page.js.erb within layouts/javascript (0.3ms)
  Rendered /Users/vsl/.rvm/gems/ruby-2.1.5/gems/web-console-2.1.2/lib/web_console/templates/index.html.erb (28.5ms)


Started GET "/api/tournaments.json" for ::1 at 2015-09-21 17:18:34 +0200

ActionController::RoutingError (No route matches [GET] "/api/tournaments.json"):
  actionpack (4.2.1) lib/action_dispatch/middleware/debug_exceptions.rb:21:in `call'
  web-console (2.1.2) lib/web_console/middleware.rb:37:in `call'
  actionpack (4.2.1) lib/action_dispatch/middleware/show_exceptions.rb:30:in `call'
  railties (4.2.1) lib/rails/rack/logger.rb:38:in `call_app'
  railties (4.2.1) lib/rails/rack/logger.rb:20:in `block in call'
  activesupport (4.2.1) lib/active_support/tagged_logging.rb:68:in `block in tagged'
  activesupport (4.2.1) lib/active_support/tagged_logging.rb:26:in `tagged'
  activesupport (4.2.1) lib/active_support/tagged_logging.rb:68:in `tagged'
  railties (4.2.1) lib/rails/rack/logger.rb:20:in `call'
  actionpack (4.2.1) lib/action_dispatch/middleware/request_id.rb:21:in `call'
  rack (1.6.1) lib/rack/methodoverride.rb:22:in `call'
  rack (1.6.1) lib/rack/runtime.rb:18:in `call'
  activesupport (4.2.1) lib/active_support/cache/strategy/local_cache_middleware.rb:28:in `call'
  rack (1.6.1) lib/rack/lock.rb:17:in `call'
  actionpack (4.2.1) lib/action_dispatch/middleware/static.rb:113:in `call'
  rack (1.6.1) lib/rack/sendfile.rb:113:in `call'
  railties (4.2.1) lib/rails/engine.rb:518:in `call'
  railties (4.2.1) lib/rails/application.rb:164:in `call'
  rack (1.6.1) lib/rack/lock.rb:17:in `call'
  rack (1.6.1) lib/rack/content_length.rb:15:in `call'
  rack (1.6.1) lib/rack/handler/webrick.rb:89:in `service'
  /Users/vsl/.rvm/rubies/ruby-2.1.5/lib/ruby/2.1.0/webrick/httpserver.rb:138:in `service'
  /Users/vsl/.rvm/rubies/ruby-2.1.5/lib/ruby/2.1.0/webrick/httpserver.rb:94:in `run'
  /Users/vsl/.rvm/rubies/ruby-2.1.5/lib/ruby/2.1.0/webrick/server.rb:295:in `block in start_thread'


  Rendered /Users/vsl/.rvm/gems/ruby-2.1.5/gems/actionpack-4.2.1/lib/action_dispatch/middleware/templates/rescues/_trace.html.erb (1.3ms)
  Rendered /Users/vsl/.rvm/gems/ruby-2.1.5/gems/actionpack-4.2.1/lib/action_dispatch/middleware/templates/routes/_route.html.erb (0.8ms)
  Rendered /Users/vsl/.rvm/gems/ruby-2.1.5/gems/actionpack-4.2.1/lib/action_dispatch/middleware/templates/routes/_table.html.erb (2.1ms)
  Rendered /Users/vsl/.rvm/gems/ruby-2.1.5/gems/actionpack-4.2.1/lib/action_dispatch/middleware/templates/rescues/_request_and_response.html.erb (1.6ms)
  Rendered /Users/vsl/.rvm/gems/ruby-2.1.5/gems/actionpack-4.2.1/lib/action_dispatch/middleware/templates/rescues/routing_error.html.erb within rescues/layout (24.0ms)
  Rendered /Users/vsl/.rvm/gems/ruby-2.1.5/gems/web-console-2.1.2/lib/web_console/templates/_markup.html.erb (0.3ms)
  Rendered /Users/vsl/.rvm/gems/ruby-2.1.5/gems/web-console-2.1.2/lib/web_console/templates/style.css.erb within layouts/inlined_string (0.2ms)
  Rendered /Users/vsl/.rvm/gems/ruby-2.1.5/gems/web-console-2.1.2/lib/web_console/templates/_inner_console_markup.html.erb within layouts/inlined_string (0.2ms)
  Rendered /Users/vsl/.rvm/gems/ruby-2.1.5/gems/web-console-2.1.2/lib/web_console/templates/_prompt_box_markup.html.erb within layouts/inlined_string (0.2ms)
  Rendered /Users/vsl/.rvm/gems/ruby-2.1.5/gems/web-console-2.1.2/lib/web_console/templates/console.js.erb within layouts/javascript (12.5ms)
  Rendered /Users/vsl/.rvm/gems/ruby-2.1.5/gems/web-console-2.1.2/lib/web_console/templates/main.js.erb within layouts/javascript (0.3ms)
  Rendered /Users/vsl/.rvm/gems/ruby-2.1.5/gems/web-console-2.1.2/lib/web_console/templates/error_page.js.erb within layouts/javascript (0.3ms)
  Rendered /Users/vsl/.rvm/gems/ruby-2.1.5/gems/web-console-2.1.2/lib/web_console/templates/index.html.erb (26.5ms)


Started GET "/api/tournaments.json" for ::1 at 2015-09-21 17:25:46 +0200

ActionController::RoutingError (No route matches [GET] "/api/tournaments.json"):
  actionpack (4.2.1) lib/action_dispatch/middleware/debug_exceptions.rb:21:in `call'
  web-console (2.1.2) lib/web_console/middleware.rb:37:in `call'
  actionpack (4.2.1) lib/action_dispatch/middleware/show_exceptions.rb:30:in `call'
  railties (4.2.1) lib/rails/rack/logger.rb:38:in `call_app'
  railties (4.2.1) lib/rails/rack/logger.rb:20:in `block in call'
  activesupport (4.2.1) lib/active_support/tagged_logging.rb:68:in `block in tagged'
  activesupport (4.2.1) lib/active_support/tagged_logging.rb:26:in `tagged'
  activesupport (4.2.1) lib/active_support/tagged_logging.rb:68:in `tagged'
  railties (4.2.1) lib/rails/rack/logger.rb:20:in `call'
  actionpack (4.2.1) lib/action_dispatch/middleware/request_id.rb:21:in `call'
  rack (1.6.1) lib/rack/methodoverride.rb:22:in `call'
  rack (1.6.1) lib/rack/runtime.rb:18:in `call'
  activesupport (4.2.1) lib/active_support/cache/strategy/local_cache_middleware.rb:28:in `call'
  rack (1.6.1) lib/rack/lock.rb:17:in `call'
  actionpack (4.2.1) lib/action_dispatch/middleware/static.rb:113:in `call'
  rack (1.6.1) lib/rack/sendfile.rb:113:in `call'
  railties (4.2.1) lib/rails/engine.rb:518:in `call'
  railties (4.2.1) lib/rails/application.rb:164:in `call'
  rack (1.6.1) lib/rack/lock.rb:17:in `call'
  rack (1.6.1) lib/rack/content_length.rb:15:in `call'
  rack (1.6.1) lib/rack/handler/webrick.rb:89:in `service'
  /Users/vsl/.rvm/rubies/ruby-2.1.5/lib/ruby/2.1.0/webrick/httpserver.rb:138:in `service'
  /Users/vsl/.rvm/rubies/ruby-2.1.5/lib/ruby/2.1.0/webrick/httpserver.rb:94:in `run'
  /Users/vsl/.rvm/rubies/ruby-2.1.5/lib/ruby/2.1.0/webrick/server.rb:295:in `block in start_thread'


  Rendered /Users/vsl/.rvm/gems/ruby-2.1.5/gems/actionpack-4.2.1/lib/action_dispatch/middleware/templates/rescues/_trace.html.erb (1.2ms)
  Rendered /Users/vsl/.rvm/gems/ruby-2.1.5/gems/actionpack-4.2.1/lib/action_dispatch/middleware/templates/routes/_route.html.erb (0.6ms)
  Rendered /Users/vsl/.rvm/gems/ruby-2.1.5/gems/actionpack-4.2.1/lib/action_dispatch/middleware/templates/routes/_table.html.erb (1.0ms)
  Rendered /Users/vsl/.rvm/gems/ruby-2.1.5/gems/actionpack-4.2.1/lib/action_dispatch/middleware/templates/rescues/_request_and_response.html.erb (1.2ms)
  Rendered /Users/vsl/.rvm/gems/ruby-2.1.5/gems/actionpack-4.2.1/lib/action_dispatch/middleware/templates/rescues/routing_error.html.erb within rescues/layout (18.4ms)
  Rendered /Users/vsl/.rvm/gems/ruby-2.1.5/gems/web-console-2.1.2/lib/web_console/templates/_markup.html.erb (0.5ms)
  Rendered /Users/vsl/.rvm/gems/ruby-2.1.5/gems/web-console-2.1.2/lib/web_console/templates/style.css.erb within layouts/inlined_string (0.3ms)
  Rendered /Users/vsl/.rvm/gems/ruby-2.1.5/gems/web-console-2.1.2/lib/web_console/templates/_inner_console_markup.html.erb within layouts/inlined_string (0.2ms)
  Rendered /Users/vsl/.rvm/gems/ruby-2.1.5/gems/web-console-2.1.2/lib/web_console/templates/_prompt_box_markup.html.erb within layouts/inlined_string (0.2ms)
  Rendered /Users/vsl/.rvm/gems/ruby-2.1.5/gems/web-console-2.1.2/lib/web_console/templates/console.js.erb within layouts/javascript (12.0ms)
  Rendered /Users/vsl/.rvm/gems/ruby-2.1.5/gems/web-console-2.1.2/lib/web_console/templates/main.js.erb within layouts/javascript (0.3ms)
  Rendered /Users/vsl/.rvm/gems/ruby-2.1.5/gems/web-console-2.1.2/lib/web_console/templates/error_page.js.erb within layouts/javascript (0.7ms)
  Rendered /Users/vsl/.rvm/gems/ruby-2.1.5/gems/web-console-2.1.2/lib/web_console/templates/index.html.erb (29.4ms)


Started GET "/api/tournaments.json" for ::1 at 2015-09-21 17:25:47 +0200

ActionController::RoutingError (No route matches [GET] "/api/tournaments.json"):
  actionpack (4.2.1) lib/action_dispatch/middleware/debug_exceptions.rb:21:in `call'
  web-console (2.1.2) lib/web_console/middleware.rb:37:in `call'
  actionpack (4.2.1) lib/action_dispatch/middleware/show_exceptions.rb:30:in `call'
  railties (4.2.1) lib/rails/rack/logger.rb:38:in `call_app'
  railties (4.2.1) lib/rails/rack/logger.rb:20:in `block in call'
  activesupport (4.2.1) lib/active_support/tagged_logging.rb:68:in `block in tagged'
  activesupport (4.2.1) lib/active_support/tagged_logging.rb:26:in `tagged'
  activesupport (4.2.1) lib/active_support/tagged_logging.rb:68:in `tagged'
  railties (4.2.1) lib/rails/rack/logger.rb:20:in `call'
  actionpack (4.2.1) lib/action_dispatch/middleware/request_id.rb:21:in `call'
  rack (1.6.1) lib/rack/methodoverride.rb:22:in `call'
  rack (1.6.1) lib/rack/runtime.rb:18:in `call'
  activesupport (4.2.1) lib/active_support/cache/strategy/local_cache_middleware.rb:28:in `call'
  rack (1.6.1) lib/rack/lock.rb:17:in `call'
  actionpack (4.2.1) lib/action_dispatch/middleware/static.rb:113:in `call'
  rack (1.6.1) lib/rack/sendfile.rb:113:in `call'
  railties (4.2.1) lib/rails/engine.rb:518:in `call'
  railties (4.2.1) lib/rails/application.rb:164:in `call'
  rack (1.6.1) lib/rack/lock.rb:17:in `call'
  rack (1.6.1) lib/rack/content_length.rb:15:in `call'
  rack (1.6.1) lib/rack/handler/webrick.rb:89:in `service'
  /Users/vsl/.rvm/rubies/ruby-2.1.5/lib/ruby/2.1.0/webrick/httpserver.rb:138:in `service'
  /Users/vsl/.rvm/rubies/ruby-2.1.5/lib/ruby/2.1.0/webrick/httpserver.rb:94:in `run'
  /Users/vsl/.rvm/rubies/ruby-2.1.5/lib/ruby/2.1.0/webrick/server.rb:295:in `block in start_thread'


  Rendered /Users/vsl/.rvm/gems/ruby-2.1.5/gems/actionpack-4.2.1/lib/action_dispatch/middleware/templates/rescues/_trace.html.erb (1.1ms)
  Rendered /Users/vsl/.rvm/gems/ruby-2.1.5/gems/actionpack-4.2.1/lib/action_dispatch/middleware/templates/routes/_route.html.erb (0.9ms)
  Rendered /Users/vsl/.rvm/gems/ruby-2.1.5/gems/actionpack-4.2.1/lib/action_dispatch/middleware/templates/routes/_table.html.erb (1.0ms)
  Rendered /Users/vsl/.rvm/gems/ruby-2.1.5/gems/actionpack-4.2.1/lib/action_dispatch/middleware/templates/rescues/_request_and_response.html.erb (1.2ms)
  Rendered /Users/vsl/.rvm/gems/ruby-2.1.5/gems/actionpack-4.2.1/lib/action_dispatch/middleware/templates/rescues/routing_error.html.erb within rescues/layout (17.3ms)
  Rendered /Users/vsl/.rvm/gems/ruby-2.1.5/gems/web-console-2.1.2/lib/web_console/templates/_markup.html.erb (0.3ms)
  Rendered /Users/vsl/.rvm/gems/ruby-2.1.5/gems/web-console-2.1.2/lib/web_console/templates/style.css.erb within layouts/inlined_string (0.2ms)
  Rendered /Users/vsl/.rvm/gems/ruby-2.1.5/gems/web-console-2.1.2/lib/web_console/templates/_inner_console_markup.html.erb within layouts/inlined_string (0.2ms)
  Rendered /Users/vsl/.rvm/gems/ruby-2.1.5/gems/web-console-2.1.2/lib/web_console/templates/_prompt_box_markup.html.erb within layouts/inlined_string (0.2ms)
  Rendered /Users/vsl/.rvm/gems/ruby-2.1.5/gems/web-console-2.1.2/lib/web_console/templates/console.js.erb within layouts/javascript (11.8ms)
  Rendered /Users/vsl/.rvm/gems/ruby-2.1.5/gems/web-console-2.1.2/lib/web_console/templates/main.js.erb within layouts/javascript (0.4ms)
  Rendered /Users/vsl/.rvm/gems/ruby-2.1.5/gems/web-console-2.1.2/lib/web_console/templates/error_page.js.erb within layouts/javascript (0.3ms)
  Rendered /Users/vsl/.rvm/gems/ruby-2.1.5/gems/web-console-2.1.2/lib/web_console/templates/index.html.erb (25.5ms)


Started GET "/api/tournaments.json" for ::1 at 2015-09-21 17:25:48 +0200

ActionController::RoutingError (No route matches [GET] "/api/tournaments.json"):
  actionpack (4.2.1) lib/action_dispatch/middleware/debug_exceptions.rb:21:in `call'
  web-console (2.1.2) lib/web_console/middleware.rb:37:in `call'
  actionpack (4.2.1) lib/action_dispatch/middleware/show_exceptions.rb:30:in `call'
  railties (4.2.1) lib/rails/rack/logger.rb:38:in `call_app'
  railties (4.2.1) lib/rails/rack/logger.rb:20:in `block in call'
  activesupport (4.2.1) lib/active_support/tagged_logging.rb:68:in `block in tagged'
  activesupport (4.2.1) lib/active_support/tagged_logging.rb:26:in `tagged'
  activesupport (4.2.1) lib/active_support/tagged_logging.rb:68:in `tagged'
  railties (4.2.1) lib/rails/rack/logger.rb:20:in `call'
  actionpack (4.2.1) lib/action_dispatch/middleware/request_id.rb:21:in `call'
  rack (1.6.1) lib/rack/methodoverride.rb:22:in `call'
  rack (1.6.1) lib/rack/runtime.rb:18:in `call'
  activesupport (4.2.1) lib/active_support/cache/strategy/local_cache_middleware.rb:28:in `call'
  rack (1.6.1) lib/rack/lock.rb:17:in `call'
  actionpack (4.2.1) lib/action_dispatch/middleware/static.rb:113:in `call'
  rack (1.6.1) lib/rack/sendfile.rb:113:in `call'
  railties (4.2.1) lib/rails/engine.rb:518:in `call'
  railties (4.2.1) lib/rails/application.rb:164:in `call'
  rack (1.6.1) lib/rack/lock.rb:17:in `call'
  rack (1.6.1) lib/rack/content_length.rb:15:in `call'
  rack (1.6.1) lib/rack/handler/webrick.rb:89:in `service'
  /Users/vsl/.rvm/rubies/ruby-2.1.5/lib/ruby/2.1.0/webrick/httpserver.rb:138:in `service'
  /Users/vsl/.rvm/rubies/ruby-2.1.5/lib/ruby/2.1.0/webrick/httpserver.rb:94:in `run'
  /Users/vsl/.rvm/rubies/ruby-2.1.5/lib/ruby/2.1.0/webrick/server.rb:295:in `block in start_thread'


  Rendered /Users/vsl/.rvm/gems/ruby-2.1.5/gems/actionpack-4.2.1/lib/action_dispatch/middleware/templates/rescues/_trace.html.erb (1.1ms)
  Rendered /Users/vsl/.rvm/gems/ruby-2.1.5/gems/actionpack-4.2.1/lib/action_dispatch/middleware/templates/routes/_route.html.erb (0.5ms)
  Rendered /Users/vsl/.rvm/gems/ruby-2.1.5/gems/actionpack-4.2.1/lib/action_dispatch/middleware/templates/routes/_table.html.erb (1.0ms)
  Rendered /Users/vsl/.rvm/gems/ruby-2.1.5/gems/actionpack-4.2.1/lib/action_dispatch/middleware/templates/rescues/_request_and_response.html.erb (1.2ms)
  Rendered /Users/vsl/.rvm/gems/ruby-2.1.5/gems/actionpack-4.2.1/lib/action_dispatch/middleware/templates/rescues/routing_error.html.erb within rescues/layout (17.1ms)
  Rendered /Users/vsl/.rvm/gems/ruby-2.1.5/gems/web-console-2.1.2/lib/web_console/templates/_markup.html.erb (0.3ms)
  Rendered /Users/vsl/.rvm/gems/ruby-2.1.5/gems/web-console-2.1.2/lib/web_console/templates/style.css.erb within layouts/inlined_string (0.2ms)
  Rendered /Users/vsl/.rvm/gems/ruby-2.1.5/gems/web-console-2.1.2/lib/web_console/templates/_inner_console_markup.html.erb within layouts/inlined_string (0.2ms)
  Rendered /Users/vsl/.rvm/gems/ruby-2.1.5/gems/web-console-2.1.2/lib/web_console/templates/_prompt_box_markup.html.erb within layouts/inlined_string (0.2ms)
  Rendered /Users/vsl/.rvm/gems/ruby-2.1.5/gems/web-console-2.1.2/lib/web_console/templates/console.js.erb within layouts/javascript (11.9ms)
  Rendered /Users/vsl/.rvm/gems/ruby-2.1.5/gems/web-console-2.1.2/lib/web_console/templates/main.js.erb within layouts/javascript (0.3ms)
  Rendered /Users/vsl/.rvm/gems/ruby-2.1.5/gems/web-console-2.1.2/lib/web_console/templates/error_page.js.erb within layouts/javascript (0.3ms)
  Rendered /Users/vsl/.rvm/gems/ruby-2.1.5/gems/web-console-2.1.2/lib/web_console/templates/index.html.erb (25.4ms)


Started GET "/api/tournaments.json" for ::1 at 2015-09-21 17:28:49 +0200
Processing by Api::TournamentsController#index as JSON
  [1m[35mTournament Load (8.0ms)[0m  SELECT "tournaments".* FROM "tournaments"
Completed 200 OK in 40ms (Views: 1.3ms | ActiveRecord: 8.7ms)
  [1m[36mTournament Load (1.2ms)[0m  [1mSELECT "tournaments".* FROM "tournaments"[0m
  [1m[36mActiveRecord::SchemaMigration Load (1.7ms)[0m  [1mSELECT "schema_migrations".* FROM "schema_migrations"[0m
  [1m[35m (0.1ms)[0m  BEGIN
  [1m[36mSQL (1.1ms)[0m  [1mINSERT INTO "players" ("name", "created_at", "updated_at") VALUES ($1, $2, $3) RETURNING "id"[0m  [["name", "user1"], ["created_at", "2015-09-21 15:29:47.599906"], ["updated_at", "2015-09-21 15:29:47.599906"]]
  [1m[35m (2.3ms)[0m  COMMIT
  [1m[36m (0.1ms)[0m  [1mBEGIN[0m
  [1m[35mSQL (0.2ms)[0m  INSERT INTO "players" ("name", "created_at", "updated_at") VALUES ($1, $2, $3) RETURNING "id"  [["name", "user2"], ["created_at", "2015-09-21 15:29:47.610149"], ["updated_at", "2015-09-21 15:29:47.610149"]]
  [1m[36m (0.4ms)[0m  [1mCOMMIT[0m
  [1m[35m (0.1ms)[0m  BEGIN
  [1m[36mSQL (0.2ms)[0m  [1mINSERT INTO "players" ("name", "created_at", "updated_at") VALUES ($1, $2, $3) RETURNING "id"[0m  [["name", "user3"], ["created_at", "2015-09-21 15:29:47.612081"], ["updated_at", "2015-09-21 15:29:47.612081"]]
  [1m[35m (0.4ms)[0m  COMMIT
  [1m[36m (0.1ms)[0m  [1mBEGIN[0m
  [1m[35mSQL (0.2ms)[0m  INSERT INTO "players" ("name", "created_at", "updated_at") VALUES ($1, $2, $3) RETURNING "id"  [["name", "Tournament 1"], ["created_at", "2015-09-21 15:29:47.613819"], ["updated_at", "2015-09-21 15:29:47.613819"]]
  [1m[36m (0.4ms)[0m  [1mCOMMIT[0m
  [1m[35m (0.1ms)[0m  BEGIN
  [1m[36mSQL (0.2ms)[0m  [1mINSERT INTO "players" ("name", "created_at", "updated_at") VALUES ($1, $2, $3) RETURNING "id"[0m  [["name", "Tournament 2"], ["created_at", "2015-09-21 15:29:47.615516"], ["updated_at", "2015-09-21 15:29:47.615516"]]
  [1m[35m (0.4ms)[0m  COMMIT
  [1m[36m (0.1ms)[0m  [1mBEGIN[0m
  [1m[35mSQL (0.2ms)[0m  INSERT INTO "players" ("name", "created_at", "updated_at") VALUES ($1, $2, $3) RETURNING "id"  [["name", "Tournament 3"], ["created_at", "2015-09-21 15:29:47.617168"], ["updated_at", "2015-09-21 15:29:47.617168"]]
  [1m[36m (0.4ms)[0m  [1mCOMMIT[0m
  [1m[35m (0.1ms)[0m  BEGIN
  [1m[36mSQL (1.0ms)[0m  [1mINSERT INTO "registrations" ("player_id", "tournament_id", "created_at", "updated_at") VALUES ($1, $2, $3, $4) RETURNING "id"[0m  [["player_id", 13], ["tournament_id", 16], ["created_at", "2015-09-21 15:29:47.654275"], ["updated_at", "2015-09-21 15:29:47.654275"]]
  [1m[35m (0.4ms)[0m  COMMIT
  [1m[36m (0.1ms)[0m  [1mBEGIN[0m
  [1m[35mSQL (0.2ms)[0m  INSERT INTO "registrations" ("player_id", "tournament_id", "created_at", "updated_at") VALUES ($1, $2, $3, $4) RETURNING "id"  [["player_id", 14], ["tournament_id", 17], ["created_at", "2015-09-21 15:29:47.657651"], ["updated_at", "2015-09-21 15:29:47.657651"]]
  [1m[36m (0.3ms)[0m  [1mCOMMIT[0m
  [1m[35m (0.1ms)[0m  BEGIN
  [1m[36mSQL (0.2ms)[0m  [1mINSERT INTO "registrations" ("player_id", "tournament_id", "created_at", "updated_at") VALUES ($1, $2, $3, $4) RETURNING "id"[0m  [["player_id", 15], ["tournament_id", 18], ["created_at", "2015-09-21 15:29:47.659508"], ["updated_at", "2015-09-21 15:29:47.659508"]]
  [1m[35m (0.4ms)[0m  COMMIT
  [1m[36mTournament Load (1.2ms)[0m  [1mSELECT "tournaments".* FROM "tournaments"[0m
  [1m[36mActiveRecord::SchemaMigration Load (0.5ms)[0m  [1mSELECT "schema_migrations".* FROM "schema_migrations"[0m
  [1m[35mPlayer Load (9.9ms)[0m  SELECT "players".* FROM "players"
  [1m[36m (0.2ms)[0m  [1mBEGIN[0m
  [1m[35mSQL (0.3ms)[0m  DELETE FROM "players" WHERE "players"."id" = $1  [["id", 1]]
  [1m[36m (1.3ms)[0m  [1mCOMMIT[0m
  [1m[35m (0.1ms)[0m  BEGIN
  [1m[36mSQL (0.2ms)[0m  [1mDELETE FROM "players" WHERE "players"."id" = $1[0m  [["id", 2]]
  [1m[35m (0.3ms)[0m  COMMIT
  [1m[36m (0.1ms)[0m  [1mBEGIN[0m
  [1m[35mSQL (0.1ms)[0m  DELETE FROM "players" WHERE "players"."id" = $1  [["id", 3]]
  [1m[36m (0.3ms)[0m  [1mCOMMIT[0m
  [1m[35m (0.1ms)[0m  BEGIN
  [1m[36mSQL (0.1ms)[0m  [1mDELETE FROM "players" WHERE "players"."id" = $1[0m  [["id", 4]]
  [1m[35m (0.3ms)[0m  COMMIT
  [1m[36m (0.1ms)[0m  [1mBEGIN[0m
  [1m[35mSQL (0.2ms)[0m  DELETE FROM "players" WHERE "players"."id" = $1  [["id", 5]]
  [1m[36m (0.3ms)[0m  [1mCOMMIT[0m
  [1m[35m (0.1ms)[0m  BEGIN
  [1m[36mSQL (0.2ms)[0m  [1mDELETE FROM "players" WHERE "players"."id" = $1[0m  [["id", 6]]
  [1m[35m (0.3ms)[0m  COMMIT
  [1m[36m (0.1ms)[0m  [1mBEGIN[0m
  [1m[35mSQL (0.1ms)[0m  DELETE FROM "players" WHERE "players"."id" = $1  [["id", 7]]
  [1m[36m (0.4ms)[0m  [1mCOMMIT[0m
  [1m[35m (0.1ms)[0m  BEGIN
  [1m[36mSQL (0.1ms)[0m  [1mDELETE FROM "players" WHERE "players"."id" = $1[0m  [["id", 8]]
  [1m[35m (0.4ms)[0m  COMMIT
  [1m[36m (0.1ms)[0m  [1mBEGIN[0m
  [1m[35mSQL (0.1ms)[0m  DELETE FROM "players" WHERE "players"."id" = $1  [["id", 9]]
  [1m[36m (0.3ms)[0m  [1mCOMMIT[0m
  [1m[35m (0.1ms)[0m  BEGIN
  [1m[36mSQL (0.3ms)[0m  [1mDELETE FROM "players" WHERE "players"."id" = $1[0m  [["id", 10]]
  [1m[35m (0.3ms)[0m  COMMIT
  [1m[36m (0.1ms)[0m  [1mBEGIN[0m
  [1m[35mSQL (0.1ms)[0m  DELETE FROM "players" WHERE "players"."id" = $1  [["id", 11]]
  [1m[36m (0.3ms)[0m  [1mCOMMIT[0m
  [1m[35m (0.1ms)[0m  BEGIN
  [1m[36mSQL (0.1ms)[0m  [1mDELETE FROM "players" WHERE "players"."id" = $1[0m  [["id", 12]]
  [1m[35m (0.4ms)[0m  COMMIT
  [1m[36m (0.1ms)[0m  [1mBEGIN[0m
  [1m[35mSQL (0.1ms)[0m  DELETE FROM "players" WHERE "players"."id" = $1  [["id", 13]]
  [1m[36m (0.4ms)[0m  [1mCOMMIT[0m
  [1m[35m (0.1ms)[0m  BEGIN
  [1m[36mSQL (0.1ms)[0m  [1mDELETE FROM "players" WHERE "players"."id" = $1[0m  [["id", 14]]
  [1m[35m (0.3ms)[0m  COMMIT
  [1m[36m (0.1ms)[0m  [1mBEGIN[0m
  [1m[35mSQL (0.1ms)[0m  DELETE FROM "players" WHERE "players"."id" = $1  [["id", 15]]
  [1m[36m (0.2ms)[0m  [1mCOMMIT[0m
  [1m[35m (0.1ms)[0m  BEGIN
  [1m[36mSQL (0.1ms)[0m  [1mDELETE FROM "players" WHERE "players"."id" = $1[0m  [["id", 16]]
  [1m[35m (0.3ms)[0m  COMMIT
  [1m[36m (0.1ms)[0m  [1mBEGIN[0m
  [1m[35mSQL (0.2ms)[0m  DELETE FROM "players" WHERE "players"."id" = $1  [["id", 17]]
  [1m[36m (0.4ms)[0m  [1mCOMMIT[0m
  [1m[35m (0.1ms)[0m  BEGIN
  [1m[36mSQL (0.2ms)[0m  [1mDELETE FROM "players" WHERE "players"."id" = $1[0m  [["id", 18]]
  [1m[35m (0.4ms)[0m  COMMIT
  [1m[36mTournament Load (0.6ms)[0m  [1mSELECT "tournaments".* FROM "tournaments"[0m
  [1m[35mRegistration Load (1.6ms)[0m  SELECT "registrations".* FROM "registrations"
  [1m[36m (0.1ms)[0m  [1mBEGIN[0m
  [1m[35mSQL (0.2ms)[0m  DELETE FROM "registrations" WHERE "registrations"."id" = $1  [["id", 1]]
  [1m[36m (0.4ms)[0m  [1mCOMMIT[0m
  [1m[35m (0.1ms)[0m  BEGIN
  [1m[36mSQL (0.2ms)[0m  [1mDELETE FROM "registrations" WHERE "registrations"."id" = $1[0m  [["id", 2]]
  [1m[35m (0.3ms)[0m  COMMIT
  [1m[36m (0.1ms)[0m  [1mBEGIN[0m
  [1m[35mSQL (0.2ms)[0m  DELETE FROM "registrations" WHERE "registrations"."id" = $1  [["id", 3]]
  [1m[36m (0.4ms)[0m  [1mCOMMIT[0m
  [1m[35m (0.1ms)[0m  BEGIN
  [1m[36mSQL (0.2ms)[0m  [1mDELETE FROM "registrations" WHERE "registrations"."id" = $1[0m  [["id", 4]]
  [1m[35m (0.4ms)[0m  COMMIT
  [1m[36m (0.1ms)[0m  [1mBEGIN[0m
  [1m[35mSQL (0.2ms)[0m  DELETE FROM "registrations" WHERE "registrations"."id" = $1  [["id", 5]]
  [1m[36m (0.3ms)[0m  [1mCOMMIT[0m
  [1m[35m (0.1ms)[0m  BEGIN
  [1m[36mSQL (0.1ms)[0m  [1mDELETE FROM "registrations" WHERE "registrations"."id" = $1[0m  [["id", 6]]
  [1m[35m (0.3ms)[0m  COMMIT
  [1m[36m (0.1ms)[0m  [1mBEGIN[0m
  [1m[35mSQL (0.3ms)[0m  INSERT INTO "players" ("name", "created_at", "updated_at") VALUES ($1, $2, $3) RETURNING "id"  [["name", "user1"], ["created_at", "2015-09-21 15:31:26.028358"], ["updated_at", "2015-09-21 15:31:26.028358"]]
  [1m[36m (0.4ms)[0m  [1mCOMMIT[0m
  [1m[35m (0.1ms)[0m  BEGIN
  [1m[36mSQL (0.2ms)[0m  [1mINSERT INTO "players" ("name", "created_at", "updated_at") VALUES ($1, $2, $3) RETURNING "id"[0m  [["name", "user2"], ["created_at", "2015-09-21 15:31:26.030991"], ["updated_at", "2015-09-21 15:31:26.030991"]]
  [1m[35m (0.3ms)[0m  COMMIT
  [1m[36m (0.1ms)[0m  [1mBEGIN[0m
  [1m[35mSQL (0.2ms)[0m  INSERT INTO "players" ("name", "created_at", "updated_at") VALUES ($1, $2, $3) RETURNING "id"  [["name", "user3"], ["created_at", "2015-09-21 15:31:26.032713"], ["updated_at", "2015-09-21 15:31:26.032713"]]
  [1m[36m (0.3ms)[0m  [1mCOMMIT[0m
  [1m[35m (0.1ms)[0m  BEGIN
  [1m[36mSQL (0.4ms)[0m  [1mINSERT INTO "tournaments" ("name", "created_at", "updated_at") VALUES ($1, $2, $3) RETURNING "id"[0m  [["name", "Tournament 1"], ["created_at", "2015-09-21 15:31:26.036815"], ["updated_at", "2015-09-21 15:31:26.036815"]]
  [1m[35m (0.4ms)[0m  COMMIT
  [1m[36m (0.1ms)[0m  [1mBEGIN[0m
  [1m[35mSQL (0.2ms)[0m  INSERT INTO "tournaments" ("name", "created_at", "updated_at") VALUES ($1, $2, $3) RETURNING "id"  [["name", "Tournament 2"], ["created_at", "2015-09-21 15:31:26.039170"], ["updated_at", "2015-09-21 15:31:26.039170"]]
  [1m[36m (0.3ms)[0m  [1mCOMMIT[0m
  [1m[35m (0.1ms)[0m  BEGIN
  [1m[36mSQL (0.2ms)[0m  [1mINSERT INTO "tournaments" ("name", "created_at", "updated_at") VALUES ($1, $2, $3) RETURNING "id"[0m  [["name", "Tournament 3"], ["created_at", "2015-09-21 15:31:26.040933"], ["updated_at", "2015-09-21 15:31:26.040933"]]
  [1m[35m (0.4ms)[0m  COMMIT
  [1m[36m (0.1ms)[0m  [1mBEGIN[0m
  [1m[35mSQL (0.3ms)[0m  INSERT INTO "registrations" ("player_id", "tournament_id", "created_at", "updated_at") VALUES ($1, $2, $3, $4) RETURNING "id"  [["player_id", 19], ["tournament_id", 1], ["created_at", "2015-09-21 15:31:26.042985"], ["updated_at", "2015-09-21 15:31:26.042985"]]
  [1m[36m (0.3ms)[0m  [1mCOMMIT[0m
  [1m[35m (0.1ms)[0m  BEGIN
  [1m[36mSQL (0.2ms)[0m  [1mINSERT INTO "registrations" ("player_id", "tournament_id", "created_at", "updated_at") VALUES ($1, $2, $3, $4) RETURNING "id"[0m  [["player_id", 20], ["tournament_id", 2], ["created_at", "2015-09-21 15:31:26.045390"], ["updated_at", "2015-09-21 15:31:26.045390"]]
  [1m[35m (0.3ms)[0m  COMMIT
  [1m[36m (0.1ms)[0m  [1mBEGIN[0m
  [1m[35mSQL (0.2ms)[0m  INSERT INTO "registrations" ("player_id", "tournament_id", "created_at", "updated_at") VALUES ($1, $2, $3, $4) RETURNING "id"  [["player_id", 21], ["tournament_id", 3], ["created_at", "2015-09-21 15:31:26.047424"], ["updated_at", "2015-09-21 15:31:26.047424"]]
  [1m[36m (0.3ms)[0m  [1mCOMMIT[0m


Started GET "/api/tournaments.json" for ::1 at 2015-09-21 17:31:28 +0200
Processing by Api::TournamentsController#index as JSON
  [1m[36mTournament Load (1.0ms)[0m  [1mSELECT "tournaments".* FROM "tournaments"[0m
Completed 200 OK in 11ms (Views: 3.9ms | ActiveRecord: 4.0ms)
